A51 MACRO ASSEMBLER  LCD                                                                  08/16/2015 03:25:58 PAGE     1


MACRO ASSEMBLER A51 V8.02c
OBJECT MODULE PLACED IN .\Objects\lcd.obj
ASSEMBLER INVOKED BY: D:\Programmes\Programmes\C51\BIN\A51.EXE ..\lcd.asm SET(SMALL) DEBUG PRINT(.\Listings\lcd.lst) OBJ
                      ECT(.\Objects\lcd.obj) EP

LOC  OBJ            LINE     SOURCE

                       1     ; This subroutine writes characters on the LCD
  00A0                 2     LCD_data equ P2    ;LCD Data port
  0080                 3     LCD_rs   equ P0.0  ;LCD Register Select
  0081                 4     LCD_rw   equ P0.1  ;LCD Read/Write
  0082                 5     LCD_en   equ P0.2  ;LCD Enable
                       6     using 0
0000                   7     ORG 0000H
0000 020200            8     ljmp start
                       9     
0200                  10     org 200h
0200                  11     start:
0200 75A000           12           mov P2,#00h
0203 759000           13               mov P1,#00h
                      14               ;initial delay for lcd power up
                      15     
                      16     ;here1:setb p1.0
0206 5193             17           acall delay
                      18     ;         clr p1.0
0208 5193             19               acall delay
                      20     ;         sjmp here1
                      21     
                      22     
020A 512C             23               acall lcd_init      ;initialise LCD
                      24             
020C 5193             25               acall delay
020E 5193             26               acall delay
0210 5193             27               acall delay
0212 7485             28               mov a,#85h             ;Put cursor on first row,5 column
0214 5169             29               acall lcd_command      ;send command to LCD
0216 5193             30               acall delay
0218 900300           31               mov   dptr,#my_string1   ;Load DPTR with sring1 Addr
021B 5189             32               acall lcd_sendstring     ;call text strings sending routine
021D 5193             33               acall delay
                      34     
021F 74C3             35               mov a,#0C3h             ;Put cursor on second row,3 column
0221 5169             36               acall lcd_command
0223 5193             37               acall delay
0225 900306           38               mov   dptr,#my_string2
                      39              
0228 5189             40               acall lcd_sendstring
                      41             
                      42     
022A 80FE             43     here: sjmp here                          
                      44     
                      45     ;---------------------function to store name in stack-------------
                      46     
                      47     
                      48             
                      49     ;------------------------LCD Initialisation routine----------------------------------------
                             ------------
022C                  50     lcd_init:
022C 75A038           51              mov   LCD_data,#38H  ;Function set: 2 Line, 8-bit, 5x7 dots
022F C280             52              clr   LCD_rs         ;Selected command register
0231 C281             53              clr   LCD_rw         ;We are writing in instruction register
0233 D282             54              setb  LCD_en         ;Enable H->L
0235 5193             55                      acall delay
0237 C282             56              clr   LCD_en
A51 MACRO ASSEMBLER  LCD                                                                  08/16/2015 03:25:58 PAGE     2

0239 5193             57                  acall delay
                      58     
023B 75A00C           59              mov   LCD_data,#0CH  ;Display on, Curson off
023E C280             60              clr   LCD_rs         ;Selected instruction register
0240 C281             61              clr   LCD_rw         ;We are writing in instruction register
0242 D282             62              setb  LCD_en         ;Enable H->L
0244 5193             63                      acall delay
0246 C282             64              clr   LCD_en
                      65              
0248 5193             66                      acall delay
024A 75A001           67              mov   LCD_data,#01H  ;Clear LCD
024D C280             68              clr   LCD_rs         ;Selected command register
024F C281             69              clr   LCD_rw         ;We are writing in instruction register
0251 D282             70              setb  LCD_en         ;Enable H->L
0253 5193             71                      acall delay
0255 C282             72              clr   LCD_en
                      73              
0257 5193             74                      acall delay
                      75     
0259 75A006           76              mov   LCD_data,#06H  ;Entry mode, auto increment with no shift
025C C280             77              clr   LCD_rs         ;Selected command register
025E C281             78              clr   LCD_rw         ;We are writing in instruction register
0260 D282             79              setb  LCD_en         ;Enable H->L
0262 5193             80                      acall delay
0264 C282             81              clr   LCD_en
                      82     
0266 5193             83                      acall delay
                      84              
0268 22               85              ret                  ;Return from routine
                      86     
                      87     ;-----------------------command sending routine-------------------------------------
0269                  88      lcd_command:
0269 F5A0             89              mov   LCD_data,A     ;Move the command to LCD port
026B C280             90              clr   LCD_rs         ;Selected command register
026D C281             91              clr   LCD_rw         ;We are writing in instruction register
026F D282             92              setb  LCD_en         ;Enable H->L
0271 5193             93                      acall delay
0273 C282             94              clr   LCD_en
0275 5193             95                      acall delay
                      96         
0277 22               97              ret  
                      98     ;-----------------------data sending routine-------------------------------------          
                                       
0278                  99      lcd_senddata:
0278 F5A0            100              mov   LCD_data,A     ;Move the command to LCD port
027A D280            101              setb  LCD_rs         ;Selected data register
027C C281            102              clr   LCD_rw         ;We are writing
027E D282            103              setb  LCD_en         ;Enable H->L
0280 5193            104                      acall delay
0282 C282            105              clr   LCD_en
0284 5193            106              acall delay
0286 5193            107                      acall delay
0288 22              108              ret                  ;Return from busy routine
                     109     
                     110     ;-----------------------text strings sending routine-------------------------------------
0289                 111     lcd_sendstring:
0289 E4              112              clr   a                 ;clear Accumulator for any previous data
028A 93              113              movc  a,@a+dptr         ;load the first character in accumulator
028B 6005            114              jz    exit              ;go to exit if zero
028D 5178            115              acall lcd_senddata      ;send first char
028F A3              116              inc   dptr              ;increment data pointer
0290 80F7            117              sjmp  LCD_sendstring    ;jump back to send the next character
0292                 118     exit:
0292 22              119              ret                     ;End of routine
                     120     
                     121     ;----------------------delay routine-----------------------------------------------------
A51 MACRO ASSEMBLER  LCD                                                                  08/16/2015 03:25:58 PAGE     3

0293                 122     delay:   
0293 7801            123              mov r0,#1
0295 79FF            124     loop2:   mov r1,#255
0297 D9FE            125     loop1:   djnz r1, loop1
0299 D8FA            126                      djnz r0,loop2
029B 22              127                      ret
                     128     
                     129     ;------------- ROM text strings------------------------------------------------------------
                             ---
0300                 130     org 300h
0300                 131     my_string1:
0300 50742D35        132              DB   "Pt-51", 00H
0304 3100                    
0306                 133     my_string2:
0306 49495420        134                      DB   "IIT Bombay", 00H
030A 426F6D62                
030E 617900                  
                     135     end
                             
A51 MACRO ASSEMBLER  LCD                                                                  08/16/2015 03:25:58 PAGE     4

SYMBOL TABLE LISTING
------ ----- -------


N A M E             T Y P E  V A L U E   ATTRIBUTES

DELAY. . . . . . .  C ADDR   0293H   A   
EXIT . . . . . . .  C ADDR   0292H   A   
HERE . . . . . . .  C ADDR   022AH   A   
LCD_COMMAND. . . .  C ADDR   0269H   A   
LCD_DATA . . . . .  D ADDR   00A0H   A   
LCD_EN . . . . . .  B ADDR   0080H.2 A   
LCD_INIT . . . . .  C ADDR   022CH   A   
LCD_RS . . . . . .  B ADDR   0080H.0 A   
LCD_RW . . . . . .  B ADDR   0080H.1 A   
LCD_SENDDATA . . .  C ADDR   0278H   A   
LCD_SENDSTRING . .  C ADDR   0289H   A   
LOOP1. . . . . . .  C ADDR   0297H   A   
LOOP2. . . . . . .  C ADDR   0295H   A   
MY_STRING1 . . . .  C ADDR   0300H   A   
MY_STRING2 . . . .  C ADDR   0306H   A   
P0 . . . . . . . .  D ADDR   0080H   A   
P1 . . . . . . . .  D ADDR   0090H   A   
P2 . . . . . . . .  D ADDR   00A0H   A   
START. . . . . . .  C ADDR   0200H   A   


REGISTER BANK(S) USED: 0 


ASSEMBLY COMPLETE.  0 WARNING(S), 0 ERROR(S)
